<?xml version="1.0" encoding="UTF-8"?>
<!-- Generated by org.testng.reporters.JUnitReportReporter -->
<testsuite hostname="DESKTOP-R796K54" failures="0" tests="1" name="LoginPage" time="15.294" errors="0" timestamp="2020-09-04T17:04:20 IST" skipped="0">
  <testcase classname="LoginPage" name="LoginPage1" time="15.294"/>
  <system-out/>
</testsuite> <!-- LoginPage -->
