<?xml version="1.0" encoding="UTF-8"?>
<!-- Generated by org.testng.reporters.JUnitReportReporter -->
<testsuite hostname="DESKTOP-R796K54" failures="0" tests="1" name="com.log.LoginPage" time="10.304" errors="0" timestamp="2020-09-04T12:03:13 IST" skipped="0">
  <testcase classname="com.log.LoginPage" name="LoginPage1" time="10.304"/>
  <system-out/>
</testsuite> <!-- com.log.LoginPage -->
